This is e-upTeX, Version 3.141592653-p4.1.0-u1.29-230214-2.6 (utf8.euc) (TeX Live 2023/Debian) (preloaded format=platex 2024.10.21)  4 FEB 2026 23:30
entering extended mode
 restricted \write18 enabled.
 %&-line parsing enabled.
**bt
(./bt.tex
pLaTeX2e <2023-02-14>+1, based on
LaTeX2e <2023-11-01> patch level 1
L3 programming layer <2024-01-22>
(./kuee.cls
Document Class: kuee 2018/03/03
(/usr/share/texlive/texmf-dist/tex/platex/base/jreport.cls
Document Class: jreport 2020/09/30 v1.8f Standard pLaTeX class
\c@@paper=\count186
(/usr/share/texlive/texmf-dist/tex/platex/base/jsize12.clo
File: jsize12.clo 2020/09/30 v1.8f Standard pLaTeX file (size option)
)
\c@part=\count187
\c@chapter=\count188
\c@section=\count189
\c@subsection=\count190
\c@subsubsection=\count191
\c@paragraph=\count192
\c@subparagraph=\count193
\c@figure=\count194
\c@table=\count195
\abovecaptionskip=\skip48
\belowcaptionskip=\skip49
\symmincho=\mathgroup4
LaTeX Font Info:    Overwriting symbol font `mincho' in version `bold'
(Font)                  JY1/mc/m/n --> JY1/gt/m/n on input line 704.
\toclineskip=\dimen156
\@lnumwidth=\dimen157
\bibindent=\dimen158
\heisei=\count196
)
\@kuee@appseq=\count197
\kuee@post=\write3
\@kuee@open=\count198
\@kuee@seq=\count199
)
(/usr/share/texlive/texmf-dist/tex/latex/graphics/graphicx.sty
Package: graphicx 2021/09/16 v1.2d Enhanced LaTeX Graphics (DPC,SPQR)

(/usr/share/texlive/texmf-dist/tex/latex/graphics/keyval.sty
Package: keyval 2022/05/29 v1.15 key=value parser (DPC)
\KV@toks@=\toks18
)
(/usr/share/texlive/texmf-dist/tex/latex/graphics/graphics.sty
Package: graphics 2022/03/10 v1.4e Standard LaTeX Graphics (DPC,SPQR)

(/usr/share/texlive/texmf-dist/tex/latex/graphics/trig.sty
Package: trig 2021/08/11 v1.11 sin cos tan (DPC)
)
(/usr/share/texlive/texmf-dist/tex/latex/graphics-cfg/graphics.cfg
File: graphics.cfg 2016/06/04 v1.11 sample graphics configuration
)
Package graphics Info: Driver file: dvipdfmx.def on input line 107.

(/usr/share/texlive/texmf-dist/tex/latex/graphics-def/dvipdfmx.def
File: dvipdfmx.def 2022/09/22 v5.0m Graphics/color driver for dvipdfmx
))
\Gin@req@height=\dimen159
\Gin@req@width=\dimen160
)
(/usr/share/texlive/texmf-dist/tex/latex/here/here.sty)
(/usr/share/texlive/texmf-dist/tex/latex/float/float.sty
Package: float 2001/11/08 v1.3d Float enhancements (AL)
\c@float@type=\count266
\float@exts=\toks19
\float@box=\box68
\@float@everytoks=\toks20
\@floatcapt=\box69
)
(/usr/share/texlive/texmf-dist/tex/latex/amsmath/amsmath.sty
Package: amsmath 2023/05/13 v2.17o AMS math features
\@mathmargin=\skip50

For additional information on amsmath, use the `?' option.
(/usr/share/texlive/texmf-dist/tex/latex/amsmath/amstext.sty
Package: amstext 2021/08/26 v2.01 AMS text

(/usr/share/texlive/texmf-dist/tex/latex/amsmath/amsgen.sty
File: amsgen.sty 1999/11/30 v2.0 generic functions
\@emptytoks=\toks21
\ex@=\dimen161
))
(/usr/share/texlive/texmf-dist/tex/latex/amsmath/amsbsy.sty
Package: amsbsy 1999/11/29 v1.2d Bold Symbols
\pmbraise@=\dimen162
)
(/usr/share/texlive/texmf-dist/tex/latex/amsmath/amsopn.sty
Package: amsopn 2022/04/08 v2.04 operator names
)
\inf@bad=\count267
LaTeX Info: Redefining \frac on input line 234.
\uproot@=\count268
\leftroot@=\count269
LaTeX Info: Redefining \overline on input line 399.
LaTeX Info: Redefining \colon on input line 410.
\classnum@=\count270
\DOTSCASE@=\count271
LaTeX Info: Redefining \ldots on input line 496.
LaTeX Info: Redefining \dots on input line 499.
LaTeX Info: Redefining \cdots on input line 620.
\Mathstrutbox@=\box70
\strutbox@=\box71
LaTeX Info: Redefining \big on input line 722.
LaTeX Info: Redefining \Big on input line 723.
LaTeX Info: Redefining \bigg on input line 724.
LaTeX Info: Redefining \Bigg on input line 725.
\big@size=\dimen163
LaTeX Font Info:    Redeclaring font encoding OML on input line 743.
LaTeX Font Info:    Redeclaring font encoding OMS on input line 744.
\macc@depth=\count272
LaTeX Info: Redefining \bmod on input line 905.
LaTeX Info: Redefining \pmod on input line 910.
LaTeX Info: Redefining \smash on input line 940.
LaTeX Info: Redefining \relbar on input line 970.
LaTeX Info: Redefining \Relbar on input line 971.
\c@MaxMatrixCols=\count273
\dotsspace@=\muskip16
\c@parentequation=\count274
\dspbrk@lvl=\count275
\tag@help=\toks22
\row@=\count276
\column@=\count277
\maxfields@=\count278
\andhelp@=\toks23
\eqnshift@=\dimen164
\alignsep@=\dimen165
\tagshift@=\dimen166
\tagwidth@=\dimen167
\totwidth@=\dimen168
\lineht@=\dimen169
\@envbody=\toks24
\multlinegap=\skip51
\multlinetaggap=\skip52
\mathdisplay@stack=\toks25
LaTeX Info: Redefining \[ on input line 2953.
LaTeX Info: Redefining \] on input line 2954.
)
(/usr/share/texlive/texmf-dist/tex/latex/tools/bm.sty
Package: bm 2023/07/08 v1.2f Bold Symbol Support (DPC/FMi)
\symboldoperators=\mathgroup5
\symboldletters=\mathgroup6
\symboldsymbols=\mathgroup7
Package bm Info: No bold for \OMX/cmex/m/n, using \pmb.
\symboldmincho=\mathgroup8
LaTeX Font Info:    Redeclaring math alphabet \mathbf on input line 149.
)
(/usr/share/texlive/texmf-dist/tex/latex/multirow/multirow.sty
Package: multirow 2021/03/15 v2.8 Span multiple rows of a table
\multirow@colwidth=\skip53
\multirow@cntb=\count279
\multirow@dima=\skip54
\bigstrutjot=\dimen170
)
(/usr/share/texlive/texmf-dist/tex/latex/l3backend/l3backend-dvips.def
File: l3backend-dvips.def 2024-01-04 L3 backend support: dvips
\l__pdf_internal_box=\box72
\g__pdf_backend_object_int=\count280
\l__pdf_backend_content_box=\box73
\l__pdf_backend_model_box=\box74
\g__pdf_backend_annotation_int=\count281
\g__pdf_backend_link_int=\count282
\g__pdf_backend_link_sf_int=\count283
)
(./bt.aux)
\openout1 = `bt.aux'.

LaTeX Font Info:    Checking defaults for OML/cmm/m/it on input line 20.
LaTeX Font Info:    ... okay on input line 20.
LaTeX Font Info:    Checking defaults for OMS/cmsy/m/n on input line 20.
LaTeX Font Info:    ... okay on input line 20.
LaTeX Font Info:    Checking defaults for OT1/cmr/m/n on input line 20.
LaTeX Font Info:    ... okay on input line 20.
LaTeX Font Info:    Checking defaults for T1/cmr/m/n on input line 20.
LaTeX Font Info:    ... okay on input line 20.
LaTeX Font Info:    Checking defaults for TS1/cmr/m/n on input line 20.
LaTeX Font Info:    ... okay on input line 20.
LaTeX Font Info:    Checking defaults for OMX/cmex/m/n on input line 20.
LaTeX Font Info:    ... okay on input line 20.
LaTeX Font Info:    Checking defaults for U/cmr/m/n on input line 20.
LaTeX Font Info:    ... okay on input line 20.
LaTeX Font Info:    Checking defaults for JY1/mc/m/n on input line 20.
LaTeX Font Info:    ... okay on input line 20.
LaTeX Font Info:    Checking defaults for JT1/mc/m/n on input line 20.
LaTeX Font Info:    ... okay on input line 20.
 [0]
LaTeX Font Info:    Font shape `JT1/mc/bx/n' in size <17.28> not available
(Font)              Font shape `JT1/gt/m/n' tried instead on input line 22.
LaTeX Font Info:    Font shape `JY1/mc/bx/n' in size <17.28> not available
(Font)              Font shape `JY1/gt/m/n' tried instead on input line 22.
LaTeX Font Info:    Font shape `JT1/mc/bx/n' in size <12> not available
(Font)              Font shape `JT1/gt/m/n' tried instead on input line 22.
LaTeX Font Info:    Font shape `JY1/mc/bx/n' in size <12> not available
(Font)              Font shape `JY1/gt/m/n' tried instead on input line 22.
 [1


]
\clearpage
LaTeX Font Info:    Font shape `JT1/mc/bx/n' in size <20.74> not available
(Font)              Font shape `JT1/gt/m/n' tried instead on input line 26.
LaTeX Font Info:    Font shape `JY1/mc/bx/n' in size <20.74> not available
(Font)              Font shape `JY1/gt/m/n' tried instead on input line 26.
(./bt.toc [2

])
\tf@toc=\write4
\openout4 = `bt.toc'.

 [3]
\clearpage
第{1}章.
[1

] [2]
\clearpage
第{2}章.

Overfull \hbox (7.59288pt too wide) in paragraph at lines 119--129
\JY1/mc/m/n/12 成時のエラ ーの抑制や構造安定性の確保のためにシ ーケンス制約が課
される ．
 []


Overfull \hbox (0.28262pt too wide) in paragraph at lines 119--129
\JY1/mc/m/n/12 慮した冗長性を付加することに加えて ， シ ーケンスの際に発生する
エラ ーに
 []

[3

]
Overfull \hbox (0.28262pt too wide) in paragraph at lines 144--145
\JY1/mc/m/n/12 これらのエラ ーを含む塩基配列から ， 誤り訂正を行いつつ元のバイ
ナリデ ー
 []

LaTeX Font Info:    Font shape `JT1/mc/bx/n' in size <14.4> not available
(Font)              Font shape `JT1/gt/m/n' tried instead on input line 150.
LaTeX Font Info:    Font shape `JY1/mc/bx/n' in size <14.4> not available
(Font)              Font shape `JY1/gt/m/n' tried instead on input line 150.
[4]
Overfull \hbox (14.96056pt too wide) in paragraph at lines 244--267
[]\OT1/cmr/m/n/12 HEDGES \JY1/mc/m/n/12 で符号化された塩基配列から元のデ ータを
復元するには ， まず \OT1/cmr/m/n/12 HEDGES
 []


Overfull \hbox (4.99629pt too wide) in paragraph at lines 244--267
\JY1/mc/m/n/12 に失敗したビ ッ ト列の訂正を行う． \OT1/cmr/m/n/12 HEDGES \JY1/m
c/m/n/12 復号では \OT1/cmr/m/n/12 Greedy Ex-haus-tive Search(\JY1/mc/m/n/12 貪
 []

[5] [6]
\@kuee1chapter=\count284
\@kuee1figure=\count285
\openout3 = `bt.fff'.

 (bt.fff)
Overfull \hbox (6.10255pt too wide) in paragraph at lines 325--336
[]\JY1/mc/m/n/12 電流信号から塩基配列を決定するプロセスはベ ースコ ールと呼ばれ
 ， ベ ースコ ー
 []

[7]
\@kuee2chapter=\count286
\@kuee2figure=\count287

Overfull \hbox (8.82695pt too wide) in paragraph at lines 349--367
\JY1/mc/m/n/12 ンサ ーを用いた \OT1/cmr/m/n/12 DNA \JY1/mc/m/n/12 ストレ ージで
は ， 誤り訂正符号の検討が特に重要である $[]$． 
 []


Overfull \hbox (3.19037pt too wide) in paragraph at lines 376--379
[]\JY1/mc/m/n/12 既存研究ではナノポアシ ーケンサ ーを用いて塩基の読み出しを行う
場合の統
 []


Overfull \hbox (6.285pt too wide) in paragraph at lines 379--381
[]\JY1/mc/m/n/12 既存の \OT1/cmr/m/n/12 HEDGES \JY1/mc/m/n/12 復号アルゴリズム
における入力は塩基配列であるため ， ベ ー
 []


Overfull \hbox (3.19037pt too wide) in paragraph at lines 379--381
\JY1/mc/m/n/12 スコ ーラ ーが出力する各時点における各塩基の確率分布を考慮した復
号は行
 []

[8] [9]
第{3}章.
[10

]
\@kuee3chapter=\count288
\@kuee3figure=\count289

Overfull \hbox (0.30995pt too wide) in paragraph at lines 444--457
[]\OT1/cmr/m/n/12 2.3 \JY1/mc/m/n/12 節で説明したように ， ベ ースコ ーラ ーは
通常 ， \OT1/cmr/m/n/12 CTC \JY1/mc/m/n/12 出力に対してビ ームサ ー
 []


Overfull \hbox (6.0233pt too wide) in paragraph at lines 444--457
\JY1/mc/m/n/12 チを用いて最終的に塩基配列を出力するが ， 本研究の提案手法ではベ
 ースコ ーラ ー
 []


Overfull \hbox (0.83417pt too wide) in paragraph at lines 458--462
\JY1/mc/m/n/12 に依存する時系列長であり， 各行は各時点における \OT1/cmr/m/n/12 
5 \JY1/mc/m/n/12 種類のラベル $\OMS/cmsy/m/n/12 f\OML/cmm/m/it/12 N; A; C; G; T
\OMS/cmsy/m/n/12 g$
 []

[11] [12] [13]
\@kuee4chapter=\count290
\@kuee4figure=\count291
 [14]
第{4}章.

Overfull \hbox (6.25966pt too wide) in paragraph at lines 598--616
\JY1/mc/m/n/12 符号化した複数の \OT1/cmr/m/n/12 DNA \JY1/mc/m/n/12 鎖に対し ， 
ナノポアシ ーケンサ ーによる電流波形を \OT1/cmr/m/n/12 Squigu-
 []

[15

] [16]
Overfull \hbox (0.28262pt too wide) in paragraph at lines 654--655
[]\JY1/mc/m/n/12 提案手法を用いて復号を実施し ， 復号が完了するまでのヒ ープの
探索数を計
 []


Overfull \hbox (4.1369pt too wide) in paragraph at lines 677--689
\JY1/mc/m/n/12 コ ールを行 っ た ． このとき ， 最終的な塩基配列だけでなく， \O
T1/cmr/m/n/12 CTC \JY1/mc/m/n/12 デコ ード前の \OT1/cmr/m/n/12 CTC
 []

[17]
\@kuee5chapter=\count292
\@kuee5table=\count293

Overfull \hbox (3.19481pt too wide) in paragraph at lines 750--755
[]\JY1/mc/m/n/12 既存手法と提案手法の復号性能評価では ， テスト用のバイナリデ 
ータとして 「 こ
 []

[18]
\@kuee6chapter=\count294
\@kuee6table=\count295


LaTeX Warning: Reference `eq:appendix_P_STATS' on page 19 undefined on input li
ne 787.


LaTeX Warning: Reference `tab:appendix_mu_values' on page 19 undefined on input
 line 787.


LaTeX Warning: Reference `tab:appendix_params_p' on page 19 undefined on input 
line 789.


LaTeX Warning: Reference `tab:appendix_params_alpha_beta' on page 19 undefined 
on input line 789.

\@kuee7chapter=\count296
\@kuee7table=\count297
\@kuee8chapter=\count298
\@kuee8table=\count299
\@kuee9chapter=\count300
\@kuee9table=\count301
[19] [20]
\@kuee10chapter=\count302
\@kuee10figure=\count303
 [21]
第{5}章.
[22

] (./bt.bbl [23

]
Underfull \hbox (badness 2582) in paragraph at lines 4--7
[]\OT1/cmr/m/n/12 Petroc Tay-lor, Data gen-er-a-tion vol-ume world-wide 2010--2
029, (2025),
 []


Underfull \hbox (badness 10000) in paragraph at lines 4--7
\OT1/cmr/m/n/12 https://www.statista.com/statistics/871513/worldwide-data-creat
ed/, Ac-
 []

LaTeX Font Info:    Kanji font shape `JY1/gt/m/it' undefined
(Font)              No change on input line 21.
LaTeX Font Info:    Kanji font shape `JY1/gt/m/it' undefined
(Font)              No change on input line 26.
LaTeX Font Info:    Kanji font shape `JY1/gt/m/it' undefined
(Font)              No change on input line 31.
LaTeX Font Info:    Kanji font shape `JY1/gt/m/it' undefined
(Font)              No change on input line 36.
LaTeX Font Info:    Kanji font shape `JY1/gt/m/it' undefined
(Font)              No change on input line 41.
LaTeX Font Info:    Kanji font shape `JY1/gt/m/it' undefined
(Font)              No change on input line 46.
[24

]
LaTeX Font Info:    Kanji font shape `JY1/gt/m/it' undefined
(Font)              No change on input line 52.
LaTeX Font Info:    Kanji font shape `JY1/gt/m/it' undefined
(Font)              No change on input line 58.
LaTeX Font Info:    Kanji font shape `JY1/gt/m/it' undefined
(Font)              No change on input line 61.
LaTeX Font Info:    Kanji font shape `JY1/gt/m/it' undefined
(Font)              No change on input line 67.
LaTeX Font Info:    Kanji font shape `JY1/gt/m/it' undefined
(Font)              No change on input line 72.
LaTeX Font Info:    Kanji font shape `JY1/gt/m/it' undefined
(Font)              No change on input line 81.
LaTeX Font Info:    Kanji font shape `JY1/gt/m/it' undefined
(Font)              No change on input line 87.
LaTeX Font Info:    Kanji font shape `JY1/gt/m/it' undefined
(Font)              No change on input line 93.
 [25]
Overfull \hbox (13.3137pt too wide) in paragraph at lines 97--98
[]\JY1/mc/m/n/12 夏目漱石\OT1/cmr/m/n/12 , \JY1/mc/m/n/12 こころ\OT1/cmr/m/n/12
 , (1914), https://www.aozora.gr.jp/cards/000148/card773.html. 
 []

LaTeX Font Info:    Kanji font shape `JY1/gt/m/it' undefined
(Font)              No change on input line 101.
) AED kuee: Processing end Figures and Tables [26] (./bt.fff
File: nanopore.png Graphic file (type bmp)
<nanopore.png>

Overfull \hbox (2.79134pt too wide) in paragraph at lines 4--5
 [] 
 []

File: architecture.png Graphic file (type bmp)
<architecture.png>

Overfull \hbox (2.79134pt too wide) in paragraph at lines 13--14
 [] 
 []

[27]
File: optim.png Graphic file (type bmp)
<optim.png>

Overfull \hbox (2.79134pt too wide) in paragraph at lines 23--24
 [] 
 []

File: segment.png Graphic file (type bmp)
<segment.png>

Overfull \hbox (2.79134pt too wide) in paragraph at lines 32--33
 [] 
 []

[28]
File: longread.png Graphic file (type bmp)
<longread.png>
 [29] [30]) (./bt.aux)
 ***********
pLaTeX2e <2023-02-14>+1, based on
LaTeX2e <2023-11-01> patch level 1
L3 programming layer <2024-01-22>
 ***********


LaTeX Warning: There were undefined references.

 ) 
Here is how much of TeX's memory you used:
 2280 strings out of 475989
 34505 string characters out of 5789698
 1938820 words of memory out of 5000000
 24408 multiletter control sequences out of 15000+600000
 582086 words of font info for 125 fonts, out of 8000000 for 9000
 264 hyphenation exceptions out of 8191
 57i,19n,65p,209b,414s stack positions out of 10000i,1000n,20000p,200000b,200000s

Output written on bt.dvi (34 pages, 106756 bytes).
